<?xml version="1.0" encoding="UTF-8"?>
<testng-results skipped="0" failed="0" ignored="0" total="1" passed="1">
  <reporter-output>
  </reporter-output>
  <suite name="Default suite" duration-ms="26094" started-at="2022-01-30T21:09:47 EST" finished-at="2022-01-30T21:10:13 EST">
    <groups>
    </groups>
    <test name="Default test" duration-ms="26094" started-at="2022-01-30T21:09:47 EST" finished-at="2022-01-30T21:10:13 EST">
      <class name="test.AddCategoryTest">
        <test-method status="PASS" signature="userShouldBeAbleToAddCategory()[pri:0, instance:test.AddCategoryTest@4d41cee]" name="userShouldBeAbleToAddCategory" duration-ms="26019" started-at="2022-01-30T21:09:47 EST" finished-at="2022-01-30T21:10:13 EST">
          <reporter-output>
          </reporter-output>
        </test-method> <!-- userShouldBeAbleToAddCategory -->
      </class> <!-- test.AddCategoryTest -->
    </test> <!-- Default test -->
  </suite> <!-- Default suite -->
</testng-results>
